  WeatherApp.cpp
C:\Users\Eli\source\repos\‏‏‏‏Weather App\Weather App\WeatherApp.cpp(366,65): warning C4566: character represented by universal-character-name '\u2605' cannot be represented in the current code page (1252)
C:\Users\Eli\source\repos\‏‏‏‏Weather App\Weather App\WeatherApp.cpp(461,21): warning C4566: character represented by universal-character-name '\u2600' cannot be represented in the current code page (1252)
C:\Users\Eli\source\repos\‏‏‏‏Weather App\Weather App\WeatherApp.cpp(461,21): warning C4566: character represented by universal-character-name '\uFE0F' cannot be represented in the current code page (1252)
C:\Users\Eli\source\repos\‏‏‏‏Weather App\Weather App\WeatherApp.cpp(464,21): warning C4566: character represented by universal-character-name '\u2601' cannot be represented in the current code page (1252)
C:\Users\Eli\source\repos\‏‏‏‏Weather App\Weather App\WeatherApp.cpp(464,21): warning C4566: character represented by universal-character-name '\uFE0F' cannot be represented in the current code page (1252)
C:\Users\Eli\source\repos\‏‏‏‏Weather App\Weather App\WeatherApp.cpp(467,21): warning C4566: character represented by universal-character-name '\U0001F327' cannot be represented in the current code page (1252)
C:\Users\Eli\source\repos\‏‏‏‏Weather App\Weather App\WeatherApp.cpp(467,21): warning C4566: character represented by universal-character-name '\uFE0F' cannot be represented in the current code page (1252)
C:\Users\Eli\source\repos\‏‏‏‏Weather App\Weather App\WeatherApp.cpp(470,21): warning C4566: character represented by universal-character-name '\u2744' cannot be represented in the current code page (1252)
C:\Users\Eli\source\repos\‏‏‏‏Weather App\Weather App\WeatherApp.cpp(470,21): warning C4566: character represented by universal-character-name '\uFE0F' cannot be represented in the current code page (1252)
C:\Users\Eli\source\repos\‏‏‏‏Weather App\Weather App\WeatherApp.cpp(473,21): warning C4566: character represented by universal-character-name '\u26A1' cannot be represented in the current code page (1252)
C:\Users\Eli\source\repos\‏‏‏‏Weather App\Weather App\WeatherApp.cpp(476,21): warning C4566: character represented by universal-character-name '\U0001F326' cannot be represented in the current code page (1252)
C:\Users\Eli\source\repos\‏‏‏‏Weather App\Weather App\WeatherApp.cpp(476,21): warning C4566: character represented by universal-character-name '\uFE0F' cannot be represented in the current code page (1252)
C:\Users\Eli\source\repos\‏‏‏‏Weather App\Weather App\WeatherApp.cpp(479,21): warning C4566: character represented by universal-character-name '\U0001F32B' cannot be represented in the current code page (1252)
C:\Users\Eli\source\repos\‏‏‏‏Weather App\Weather App\WeatherApp.cpp(479,21): warning C4566: character represented by universal-character-name '\uFE0F' cannot be represented in the current code page (1252)
C:\Users\Eli\source\repos\‏‏‏‏Weather App\Weather App\WeatherApp.cpp(482,21): warning C4566: character represented by universal-character-name '\U0001F324' cannot be represented in the current code page (1252)
C:\Users\Eli\source\repos\‏‏‏‏Weather App\Weather App\WeatherApp.cpp(482,21): warning C4566: character represented by universal-character-name '\uFE0F' cannot be represented in the current code page (1252)
C:\Users\Eli\source\repos\‏‏‏‏Weather App\Weather App\WeatherApp.cpp(499,31): warning C4566: character represented by universal-character-name '\u2605' cannot be represented in the current code page (1252)
C:\Users\Eli\source\repos\‏‏‏‏Weather App\Weather App\WeatherApp.cpp(499,55): warning C4566: character represented by universal-character-name '\u2606' cannot be represented in the current code page (1252)
C:\Users\Eli\source\repos\‏‏‏‏Weather App\Weather App\WeatherApp.cpp(629,68): warning C4566: character represented by universal-character-name '\U0001F4A7' cannot be represented in the current code page (1252)
C:\Users\Eli\source\repos\‏‏‏‏Weather App\Weather App\WeatherApp.cpp(629,68): warning C4566: character represented by universal-character-name '\U0001F4A8' cannot be represented in the current code page (1252)
  Weather App.vcxproj -> C:\Users\Eli\source\repos\‏‏‏‏Weather App\x64\Debug\Weather App.exe
